
ROM used:   40/32768 (0%)
            40/32768 (0%) including unused fragments

            0.0 Average locations per line
            8.0 Average locations per statement

RAM used:   4/2048 (0%) at main() level
            4/2048 (0%) worst case

Stack used: 0 worst case (0 in main + 0 for interrupts)
Stack size: 31

Lines Stmts  %   Files
----- ----- ---  -----
   38     5 100  1ra Clase.c
  877     0   0  ..\..\..\..\..\..\Program Files (x86)\PICC\Devices\18f4550.h
----- -----
  915     5 Total

Page ROM  %  RAM    Vol Diff  Functions:
---- --- --- ---    --- ----  ----------
0     36  45    0     69  1.9  main
 Inline         0             @cinit1

Program metrics:
    Functions               1
    Statements              5
    Comments                172
    Volume (V)              70
    Difficulty (D)          1.8
    Effort to implement (E) 123
    Time to implement (T)   0 minutes
    Est Delivered Bugs (B)  0
    Cyclomatic Complexity   1
    Maintainability (MI)    172

 Segment     Used  Free
-----------  ----  ----
00000-00002     4  0  
00004-07FFE    36  32728  



