
ROM used:   302/32768 (1%)
            302/32768 (1%) including unused fragments

            0.3 Average locations per line
            10.1 Average locations per statement

RAM used:   6/2048 (0%) at main() level
            7/2048 (0%) worst case

Stack used: 0 worst case (0 in main + 0 for interrupts)
Stack size: 31

Lines Stmts  %   Files
----- ----- ---  -----
   53    30 100  Practica 1.c
  877     0   0  ..\..\..\..\..\..\Program Files (x86)\PICC\Devices\18f4550.h
----- -----
  930    30 Total

Page ROM  %  RAM    Vol Diff  Functions:
---- --- --- ---    --- ----  ----------
0     42   7    1             @delay_ms1
0    256  42    2   1105  8.3  main
 Inline         0             @cinit1

Program metrics:
    Functions               1
    Statements              30
    Comments                159
    Volume (V)              1110
    Difficulty (D)          8.1
    Effort to implement (E) 8954
    Time to implement (T)   8 minutes
    Est Delivered Bugs (B)  0
    Cyclomatic Complexity   8
    Maintainability (MI)    109

 Segment     Used  Free
-----------  ----  ----
00000-00002     4  0  
00004-07FFE   298  32466  



