
ROM used:   1672/32768 (5%)
            1672/32768 (5%) including unused fragments

            1.7 Average locations per line
            41.8 Average locations per statement

RAM used:   45/2048 (2%) at main() level
            76/2048 (4%) worst case

Stack used: 3 worst case (1 in main + 2 for interrupts)
Stack size: 31

Lines Stmts  %   Files
----- ----- ---  -----
  119    40 100  3_Practica.c
  877     0   0  ..\..\..\..\..\..\..\Program Files (x86)\PICC\Devices\18f4550.h
----- -----
  996    40 Total

Page ROM  %  RAM    Vol Diff  Functions:
---- --- --- ---    --- ----  ----------
0     38   1    1             @delay_ms1
0    120   4    4    147  2.4  echo_receive
0     56   2    2             @ITOF
0    242   7   11             @MULFF
0    154   5    3    290  4.2  MAIN
0    652  19   10   1214  8.8  display_print
0    118   4   10             @FLT
0     56   2    4             @SFTOI
0     66   2    5             @DIV1616
 Inline         0             @cinit1

Program metrics:
    Functions               3
    Statements              40
    Comments                180
    Volume (V)              2001
    Difficulty (D)          14.8
    Effort to implement (E) 29567
    Time to implement (T)   27 minutes
    Est Delivered Bugs (B)  0
    Cyclomatic Complexity   2
    Maintainability (MI)    68

 Segment     Used  Free
-----------  ----  ----
00000-00002     4  0  
00004-00006     0  4  
00008-000AC   166  0  
000AE-07FFE  1502  31092  



