
ROM used:   320/32768 (1%)
            320/32768 (1%) including unused fragments

            0.3 Average locations per line
            10.7 Average locations per statement

RAM used:   18/2048 (1%) at main() level
            21/2048 (1%) worst case

Stack used: 0 worst case (0 in main + 0 for interrupts)
Stack size: 31

Lines Stmts  %   Files
----- ----- ---  -----
  103    30 100  Practica 2.c
  877     0   0  ..\..\..\..\..\..\..\Program Files (x86)\PICC\Devices\18f4550.h
----- -----
  980    30 Total

Page ROM  %  RAM    Vol Diff  Functions:
---- --- --- ---    --- ----  ----------
0     42   7    1             @delay_ms1
0    204  32    4    817  7.7  main
0     70  11    3    207  2.4  displays
 Inline         0             @cinit1

Program metrics:
    Functions               2
    Statements              30
    Comments                200
    Volume (V)              1170
    Difficulty (D)          9.9
    Effort to implement (E) 11537
    Time to implement (T)   11 minutes
    Est Delivered Bugs (B)  0
    Cyclomatic Complexity   6
    Maintainability (MI)    104

 Segment     Used  Free
-----------  ----  ----
00000-00002     4  0  
00004-07FFE   316  32448  



