# ELBREAD: Elaboration process.
# ELBREAD: Elaboration time 0.0 [s].
asim -O5 +access +r +m+e1 e1 tb
# ELBREAD: Elaboration process.
# ELBREAD: Elaboration time 0.0 [s].
# VSIM: Stack memory: 32MB
# VSIM: Retval memory: 32MB
# 
acom -O3 -e 100 -work P2 -2002  $dsn/src/P2.vhd $dsn/src/P2_benchy.vhd
# Compile Entity "P2"
# Compile Architecture "PArch2" of Entity "P2"
# Compile Entity "E1"
# Compile Architecture "TB" of Entity "E1"
# Compile success 0 Errors 0 Warnings  Analysis time :  0.1 [s]
# ELBREAD: Elaboration process.
# ELBREAD: Elaboration time 0.0 [s].
# KERNEL: Main thread initiated.
# KERNEL: Kernel process initialization phase.
# ELAB2: Elaboration final pass...
# ELAB2: Create instances ...
# KERNEL: Time resolution set to 1ps.
# ELAB2: Create instances complete.
# SLP: Started
# SLP: Elaboration phase ...
# SLP: Elaboration phase ... skipped, nothing to simulate in SLP mode : 0.0 [s]
# SLP: Finished : 0.0 [s]
# ELAB2: Elaboration final pass complete - time: 0.1 [s].
# KERNEL: Warning: You are using the Active-HDL Student Edition. The performance of simulation is running at a reduced rate.
# KERNEL: Warning: Contact Aldec for available upgrade options - sales@aldec.com.
# KERNEL: Kernel process initialization done.
# Allocation: Simulator allocated 6423 kB (elbread=427 elab2=5857 kernel=139 sdf=0)
# KERNEL: ASDB file was created in location C:\Users\diego\Desktop\Ing_en_automatizacion\5_Semestre\Sistemas_Digitales_I\Practicas\2\Code\P2\src\wave.asdb
#  10:40 a. m., viernes, 23 de agosto de 2024
#  Simulation has been initialized
run
# KERNEL: Simulation has finished. There are no more test vectors to simulate.
# VSIM: 6 object(s) traced.
# Waveform file 'untitled.awc' connected to 'C:/Users/diego/Desktop/Ing_en_automatizacion/5_Semestre/Sistemas_Digitales_I/Practicas/2/Code/P2/src/wave.asdb'.
run
# KERNEL: Simulation has finished. There are no more test vectors to simulate.
endsim
# VSIM: Simulation has finished.
asim -O5 +access +r +m+e1 e1 tb
# ELBREAD: Elaboration process.
# ELBREAD: Elaboration time 0.0 [s].
# VSIM: Stack memory: 32MB
# VSIM: Retval memory: 32MB
# 
# KERNEL: Main thread initiated.
# KERNEL: Kernel process initialization phase.
# ELAB2: Elaboration final pass...
# ELAB2: Create instances ...
# KERNEL: Time resolution set to 1ps.
# ELAB2: Create instances complete.
# SLP: Started
# SLP: Elaboration phase ...
# SLP: Elaboration phase ... skipped, nothing to simulate in SLP mode : 0.0 [s]
# SLP: Finished : 0.0 [s]
# ELAB2: Elaboration final pass complete - time: 0.0 [s].
# KERNEL: Warning: You are using the Active-HDL Student Edition. The performance of simulation is running at a reduced rate.
# KERNEL: Warning: Contact Aldec for available upgrade options - sales@aldec.com.
# KERNEL: Kernel process initialization done.
# Allocation: Simulator allocated 6423 kB (elbread=427 elab2=5857 kernel=139 sdf=0)
# KERNEL: ASDB file was created in location C:\Users\diego\Desktop\Ing_en_automatizacion\5_Semestre\Sistemas_Digitales_I\Practicas\2\Code\P2\src\wave.asdb
#  10:41 a. m., viernes, 23 de agosto de 2024
#  Simulation has been initialized
# Waveform file 'untitled.awc' connected to 'C:/Users/diego/Desktop/Ing_en_automatizacion/5_Semestre/Sistemas_Digitales_I/Practicas/2/Code/P2/src/wave.asdb'.
run
# KERNEL: Simulation has finished. There are no more test vectors to simulate.
