
ROM used:   182/32768 (1%)
            182/32768 (1%) including unused fragments

            0.2 Average locations per line
            26.0 Average locations per statement

RAM used:   19/2048 (1%) at main() level
            19/2048 (1%) worst case

Stack used: 0 worst case (0 in main + 0 for interrupts)
Stack size: 31

Lines Stmts  %   Files
----- ----- ---  -----
   43     7 100  Tarea2.c
  877     0   0  ..\..\..\..\..\..\Program Files (x86)\PICC\Devices\18f4550.h
----- -----
  920     7 Total

Page ROM  %  RAM    Vol Diff  Functions:
---- --- --- ---    --- ----  ----------
0    178  49    5    228  4.1  main
 Inline         0             @cinit1

Program metrics:
    Functions               1
    Statements              7
    Comments                171
    Volume (V)              230
    Difficulty (D)          3.9
    Effort to implement (E) 900
    Time to implement (T)   1 minutes
    Est Delivered Bugs (B)  0
    Cyclomatic Complexity   2
    Maintainability (MI)    160

 Segment     Used  Free
-----------  ----  ----
00000-00002     4  0  
00004-07FFE   178  32586  



