
ROM used:   1574/32768 (5%)
            1574/32768 (5%) including unused fragments

            1.3 Average locations per line
            9.9 Average locations per statement

RAM used:   37/2048 (2%) at main() level
            56/2048 (3%) worst case

Stack used: 3 worst case (3 in main + 0 for interrupts)
Stack size: 31

Lines Stmts  %   Files
----- ----- ---  -----
  313   159 100  Practica 4_Semanal.c
  877     0   0  ..\..\..\..\..\..\..\Program Files (x86)\PICC\Devices\18f4550.h
----- -----
 1190   159 Total

Page ROM  %  RAM    Vol Diff  Functions:
---- --- --- ---    --- ----  ----------
0     44   1    1             @delay_ms1
0    400  13    7   1028 11.1  main
0    512  16   12   1754 10.9  ROTAR
0    348  11   11   1481  7.5  SEC_R
0    266   8    2   1508  4.9  SEC_I
 Inline         0             @cinit1

Program metrics:
    Functions               4
    Statements              159
    Comments                220
    Volume (V)              7474
    Difficulty (D)          34.3
    Effort to implement (E) 256474
    Time to implement (T)   3 hours, 57 minutes
    Est Delivered Bugs (B)  1
    Cyclomatic Complexity   38
    Maintainability (MI)    26

 Segment     Used  Free
-----------  ----  ----
00000-00002     4  0  
00004-07FFE  1570  31194  



