# Design: Design Binario_BCD already active.
# DESIGN: Default Design Language: VHDL
# DESIGN: Default BDE Language: VHDL
# DESIGN: Flow Manager: Not Defined
acom -reorder -O3 -e 100 -work Binario_BCD -2002  $dsn/src/Codificador.vhd
# Compile Entity "Codificador_BCD"
# Compile Architecture "Codificador" of Entity "Codificador_BCD"
# Incorrect order of units detected.
# Automatic reorder and incremental recompilation of required units in progress.
# Compile Entity "Codificador_BCD"
# Compile Architecture "Codificador" of Entity "Codificador_BCD"
# Compile Entity "Codificador_BCD"
# Compile Architecture "Codificador" of Entity "Codificador_BCD"
# Compile Entity "Codificador_BCD"
# Compile Architecture "Codificador" of Entity "Codificador_BCD"
# Error: COMP96_0111: Codificador.vhd : (9, 5): Labels do not match.
# Error: COMP96_0056: Codificador.vhd : (11, 1): Cannot find referenced entity declaration "Codificador_BCD".
# Compile failure 2 Errors 0 Warnings  Analysis time :  16.0 [ms]
acom -reorder -O3 -e 100 -work Binario_BCD -2002  $dsn/src/Codificador.vhd
# Compile Entity "Codificador_BCD"
# Compile Architecture "Codificador" of Entity "Codificador_BCD"
# Top-level unit(s) detected:
# Entity => Codificador_BCD
# Compile success 0 Errors 0 Warnings  Analysis time :  16.0 [ms]
# ELBREAD: Elaboration process.
# ELBREAD: Elaboration time 0.0 [s].
acom -O3 -e 100 -work Binario_BCD -2002  $dsn/src/Bin_BCD_4b.vhd
# Compile Entity "Bin_BCD_4b"
# Compile Architecture "Convertidor" of Entity "Bin_BCD_4b"
# Compile success 0 Errors 0 Warnings  Analysis time :  15.0 [ms]
acom -O3 -e 100 -work Binario_BCD -2002  $dsn/src/Codificador.vhd $dsn/src/Bin_BCD_4b.vhd
# Compile Entity "Codificador_BCD"
# Compile Architecture "Codificador" of Entity "Codificador_BCD"
# Compile Entity "Bin_BCD_4b"
# Compile Architecture "Convertidor" of Entity "Bin_BCD_4b"
# Compile success 0 Errors 0 Warnings  Analysis time :  16.0 [ms]
