Active-HDL 15.0.261.9132 2024-09-21 10:03:41

Elaboration top modules:
Architecture                  Codificador(Codificador_BCD)


------------------------------------------------------------------------------------------------------
Entity          | Architecture | Library     | Info | Compiler Version          | Compilation Options
------------------------------------------------------------------------------------------------------
Codificador_BCD | Codificador  | Binario_BCD |      | 15.0.261.9132 (Windows64) | -O3
------------------------------------------------------------------------------------------------------

------------------------------------------------------------------------------------------------------
VHDL Package                   | Library     | Info | Compiler Version          | Compilation Options
------------------------------------------------------------------------------------------------------
standard                       | std         |      |                           | <unavailable>
TEXTIO                         | std         |      | 15.0.261.9132 (Windows64) |  -2019
std_logic_1164                 | ieee        |      | 15.0.261.9132 (Windows64) |  -2008
------------------------------------------------------------------------------------------------------

------------------------------------------------------------------------------------------------------
Library                        | Comment
------------------------------------------------------------------------------------------------------
Binario_BCD                    | None
ieee                           | Standard IEEE packages library
std                            | Standard VHDL library
------------------------------------------------------------------------------------------------------
