
ROM used:   274/32768 (1%)
            274/32768 (1%) including unused fragments

            0.3 Average locations per line
            8.8 Average locations per statement

RAM used:   6/2048 (0%) at main() level
            7/2048 (0%) worst case

Stack used: 0 worst case (0 in main + 0 for interrupts)
Stack size: 31

Lines Stmts  %   Files
----- ----- ---  -----
   70    31 100  2ra Clase.c
  877     0   0  ..\..\..\..\..\..\Program Files (x86)\PICC\Devices\18f4550.h
----- -----
  947    31 Total

Page ROM  %  RAM    Vol Diff  Functions:
---- --- --- ---    --- ----  ----------
0     44   8    1             @delay_ms1
0    192  35    2   1106  8.2  main
0     34   6    0             @goto16704
 Inline         0             @cinit1

Program metrics:
    Functions               1
    Statements              31
    Comments                163
    Volume (V)              1115
    Difficulty (D)          7.9
    Effort to implement (E) 8798
    Time to implement (T)   8 minutes
    Est Delivered Bugs (B)  0
    Cyclomatic Complexity   8
    Maintainability (MI)    117

 Segment     Used  Free
-----------  ----  ----
00000-00002     4  0  
00004-07FFE   270  32494  



