
ROM used:   204/32768 (1%)
            204/32768 (1%) including unused fragments

            0.2 Average locations per line
            14.6 Average locations per statement

RAM used:   10/2048 (0%) at main() level
            11/2048 (1%) worst case

Stack used: 0 worst case (0 in main + 0 for interrupts)
Stack size: 31

Lines Stmts  %   Files
----- ----- ---  -----
   30    14 100  Practica 4.c
  877     0   0  ..\..\..\..\..\..\..\Program Files (x86)\PICC\Devices\18f4550.h
----- -----
  907    14 Total

Page ROM  %  RAM    Vol Diff  Functions:
---- --- --- ---    --- ----  ----------
0     44  11    1             @delay_ms1
0    156  38    6    374  4.2  main
 Inline         0             @cinit1

Program metrics:
    Functions               1
    Statements              14
    Comments                159
    Volume (V)              379
    Difficulty (D)          4.0
    Effort to implement (E) 1516
    Time to implement (T)   1 minutes
    Est Delivered Bugs (B)  0
    Cyclomatic Complexity   1
    Maintainability (MI)    129

 Segment     Used  Free
-----------  ----  ----
00000-00002     4  0  
00004-07FFE   200  32564  



