Active-HDL 15.0.261.9132 2024-08-16 11:45:15

Elaboration top modules:
Architecture                  TB(P1_TB)


---------------------------------------------------------------------------------------------
Entity   | Architecture | Library   | Info | Compiler Version          | Compilation Options
---------------------------------------------------------------------------------------------
P1_TB    | TB           | practica1 |      | 15.0.261.9132 (Windows64) | -O3
P1       | Pr1          | practica1 |      | 15.0.261.9132 (Windows64) | -O3
---------------------------------------------------------------------------------------------

---------------------------------------------------------------------------------------------
VHDL Package            | Library   | Info | Compiler Version          | Compilation Options
---------------------------------------------------------------------------------------------
standard                | std       |      |                           | <unavailable>
TEXTIO                  | std       |      | 15.0.261.9132 (Windows64) |  -2019
std_logic_1164          | ieee      |      | 15.0.261.9132 (Windows64) |  -2008
---------------------------------------------------------------------------------------------

---------------------------------------------------------------------------------------------
Library                 | Comment
---------------------------------------------------------------------------------------------
ieee                    | Standard IEEE packages library
practica1               | None
std                     | Standard VHDL library
---------------------------------------------------------------------------------------------


Simulation Options: asim -O5 +access +r +m+p1_tb p1_tb tb


The performance of simulation is reduced. Version Student Edition
