# ELBREAD: Elaboration process.
# ELBREAD: Elaboration time 0.0 [s].
# ELBREAD: Elaboration process.
# ELBREAD: Elaboration time 0.0 [s].
asim -O5 +access +r +m+p1 p1 pr1
# ELBREAD: Elaboration process.
# ELBREAD: Elaboration time 0.0 [s].
# VSIM: Stack memory: 32MB
# VSIM: Retval memory: 32MB
# 
acom -O3 -e 100 -work practica1 -2002  $dsn/src/pr1_TB.vhd $dsn/src/Pr1.vhd
# Compile Entity "P1_TB"
# Compile Architecture "TB" of Entity "P1_TB"
# Compile Entity "P1"
# Compile Architecture "Pr1" of Entity "P1"
# Compile success 0 Errors 0 Warnings  Analysis time :  94.0 [ms]
# ELBREAD: Elaboration process.
# ELBREAD: Elaboration time 0.0 [s].
# KERNEL: Main thread initiated.
# KERNEL: Kernel process initialization phase.
# ELAB2: Elaboration final pass...
# ELAB2: Create instances ...
# KERNEL: Time resolution set to 1ps.
# ELAB2: Create instances complete.
# SLP: Started
# SLP: Elaboration phase ...
# SLP: Elaboration phase ... skipped, nothing to simulate in SLP mode : 0.0 [s]
# SLP: Finished : 0.0 [s]
# ELAB2: Elaboration final pass complete - time: 0.1 [s].
# KERNEL: Warning: You are using the Active-HDL Student Edition. The performance of simulation is running at a reduced rate.
# KERNEL: Warning: Contact Aldec for available upgrade options - sales@aldec.com.
# KERNEL: Kernel process initialization done.
# Allocation: Simulator allocated 6421 kB (elbread=427 elab2=5855 kernel=139 sdf=0)
# KERNEL: ASDB file was created in location C:\Users\diego\Desktop\Ing_en_automatizacion\5起Semestre\Sistemas digitales de logica reconfigurable I\Practicas\1\Code\Practica1\src\wave.asdb
#  11:39 a. m., viernes, 16 de agosto de 2024
#  Simulation has been initialized
run
# KERNEL: Simulation has finished. There are no more test vectors to simulate.
# VSIM: 9 object(s) traced.
# Waveform file 'untitled.awc' connected to 'C:/Users/diego/Desktop/Ing_en_automatizacion/5起Semestre/Sistemas digitales de logica reconfigurable I/Practicas/1/Code/Practica1/src/wave.asdb'.
run
# KERNEL: Simulation has finished. There are no more test vectors to simulate.
endsim
# VSIM: Simulation has finished.
asim -O5 +access +r +m+p1 p1 pr1
# ELBREAD: Elaboration process.
# ELBREAD: Elaboration time 0.0 [s].
# VSIM: Stack memory: 32MB
# VSIM: Retval memory: 32MB
# 
# KERNEL: Main thread initiated.
# KERNEL: Kernel process initialization phase.
# ELAB2: Elaboration final pass...
# ELAB2: Create instances ...
# KERNEL: Time resolution set to 1ps.
# ELAB2: Create instances complete.
# SLP: Started
# SLP: Elaboration phase ...
# SLP: Elaboration phase ... skipped, nothing to simulate in SLP mode : 0.0 [s]
# SLP: Finished : 0.0 [s]
# ELAB2: Elaboration final pass complete - time: 0.0 [s].
# KERNEL: Warning: You are using the Active-HDL Student Edition. The performance of simulation is running at a reduced rate.
# KERNEL: Warning: Contact Aldec for available upgrade options - sales@aldec.com.
# KERNEL: Kernel process initialization done.
# Allocation: Simulator allocated 6421 kB (elbread=427 elab2=5855 kernel=139 sdf=0)
# KERNEL: ASDB file was created in location C:\Users\diego\Desktop\Ing_en_automatizacion\5起Semestre\Sistemas digitales de logica reconfigurable I\Practicas\1\Code\Practica1\src\wave.asdb
#  11:39 a. m., viernes, 16 de agosto de 2024
#  Simulation has been initialized
# Waveform file 'untitled.awc' connected to 'C:/Users/diego/Desktop/Ing_en_automatizacion/5起Semestre/Sistemas digitales de logica reconfigurable I/Practicas/1/Code/Practica1/src/wave.asdb'.
run
# KERNEL: Simulation has finished. There are no more test vectors to simulate.
run
# KERNEL: Simulation has finished. There are no more test vectors to simulate.
# ELBREAD: Elaboration process.
# ELBREAD: Elaboration time 0.0 [s].
# Warning: WAVEFORM: Object matching /P1_TB/A not found in C:/Users/diego/Desktop/Ing_en_automatizacion/5起Semestre/Sistemas digitales de logica reconfigurable I/Practicas/1/Code/Practica1/src/wave.asdb.
# Warning: WAVEFORM: Object matching /P1_TB/B not found in C:/Users/diego/Desktop/Ing_en_automatizacion/5起Semestre/Sistemas digitales de logica reconfigurable I/Practicas/1/Code/Practica1/src/wave.asdb.
# Warning: WAVEFORM: Object matching /P1_TB/C not found in C:/Users/diego/Desktop/Ing_en_automatizacion/5起Semestre/Sistemas digitales de logica reconfigurable I/Practicas/1/Code/Practica1/src/wave.asdb.
# Warning: WAVEFORM: Object matching /P1_TB/D not found in C:/Users/diego/Desktop/Ing_en_automatizacion/5起Semestre/Sistemas digitales de logica reconfigurable I/Practicas/1/Code/Practica1/src/wave.asdb.
# Warning: WAVEFORM: Object matching /P1_TB/S1 not found in C:/Users/diego/Desktop/Ing_en_automatizacion/5起Semestre/Sistemas digitales de logica reconfigurable I/Practicas/1/Code/Practica1/src/wave.asdb.
# Warning: WAVEFORM: Object matching /P1_TB/S2 not found in C:/Users/diego/Desktop/Ing_en_automatizacion/5起Semestre/Sistemas digitales de logica reconfigurable I/Practicas/1/Code/Practica1/src/wave.asdb.
# Warning: WAVEFORM: Object matching /P1_TB/S3 not found in C:/Users/diego/Desktop/Ing_en_automatizacion/5起Semestre/Sistemas digitales de logica reconfigurable I/Practicas/1/Code/Practica1/src/wave.asdb.
# Warning: WAVEFORM: Object matching /P1_TB/S4 not found in C:/Users/diego/Desktop/Ing_en_automatizacion/5起Semestre/Sistemas digitales de logica reconfigurable I/Practicas/1/Code/Practica1/src/wave.asdb.
# Warning: WAVEFORM: Object matching /P1_TB/S5 not found in C:/Users/diego/Desktop/Ing_en_automatizacion/5起Semestre/Sistemas digitales de logica reconfigurable I/Practicas/1/Code/Practica1/src/wave.asdb.
# Warning: WAVEFORM: Object matching /P1_TB/A not found in C:/Users/diego/Desktop/Ing_en_automatizacion/5起Semestre/Sistemas digitales de logica reconfigurable I/Practicas/1/Code/Practica1/src/wave.asdb.
# Warning: WAVEFORM: Object matching /P1_TB/B not found in C:/Users/diego/Desktop/Ing_en_automatizacion/5起Semestre/Sistemas digitales de logica reconfigurable I/Practicas/1/Code/Practica1/src/wave.asdb.
# Warning: WAVEFORM: Object matching /P1_TB/C not found in C:/Users/diego/Desktop/Ing_en_automatizacion/5起Semestre/Sistemas digitales de logica reconfigurable I/Practicas/1/Code/Practica1/src/wave.asdb.
# Warning: WAVEFORM: Object matching /P1_TB/D not found in C:/Users/diego/Desktop/Ing_en_automatizacion/5起Semestre/Sistemas digitales de logica reconfigurable I/Practicas/1/Code/Practica1/src/wave.asdb.
# Warning: WAVEFORM: Object matching /P1_TB/S1 not found in C:/Users/diego/Desktop/Ing_en_automatizacion/5起Semestre/Sistemas digitales de logica reconfigurable I/Practicas/1/Code/Practica1/src/wave.asdb.
# Warning: WAVEFORM: Object matching /P1_TB/S2 not found in C:/Users/diego/Desktop/Ing_en_automatizacion/5起Semestre/Sistemas digitales de logica reconfigurable I/Practicas/1/Code/Practica1/src/wave.asdb.
# Warning: WAVEFORM: Object matching /P1_TB/S3 not found in C:/Users/diego/Desktop/Ing_en_automatizacion/5起Semestre/Sistemas digitales de logica reconfigurable I/Practicas/1/Code/Practica1/src/wave.asdb.
# Warning: WAVEFORM: Object matching /P1_TB/S4 not found in C:/Users/diego/Desktop/Ing_en_automatizacion/5起Semestre/Sistemas digitales de logica reconfigurable I/Practicas/1/Code/Practica1/src/wave.asdb.
# Warning: WAVEFORM: Object matching /P1_TB/S5 not found in C:/Users/diego/Desktop/Ing_en_automatizacion/5起Semestre/Sistemas digitales de logica reconfigurable I/Practicas/1/Code/Practica1/src/wave.asdb.
# Error: Accelerated Waveform: Simulation database is not connected. Initialize simulation or load simulation database by opening waveform file (AWC, ASDB).
asim -O5 +access +r +m+p1_tb p1_tb tb
# ELBREAD: Elaboration process.
# ELBREAD: Elaboration time 0.0 [s].
# VSIM: Stack memory: 32MB
# VSIM: Retval memory: 32MB
# 
# KERNEL: Main thread initiated.
# KERNEL: Kernel process initialization phase.
# ELAB2: Elaboration final pass...
# ELAB2: Create instances ...
# KERNEL: Time resolution set to 1ps.
# ELAB2: Create instances complete.
# SLP: Started
# SLP: Elaboration phase ...
# SLP: Elaboration phase ... skipped, nothing to simulate in SLP mode : 0.0 [s]
# SLP: Finished : 0.0 [s]
# ELAB2: Elaboration final pass complete - time: 0.0 [s].
# KERNEL: Warning: You are using the Active-HDL Student Edition. The performance of simulation is running at a reduced rate.
# KERNEL: Warning: Contact Aldec for available upgrade options - sales@aldec.com.
# KERNEL: Kernel process initialization done.
# Allocation: Simulator allocated 6427 kB (elbread=427 elab2=5861 kernel=139 sdf=0)
# KERNEL: ASDB file was created in location C:\Users\diego\Desktop\Ing_en_automatizacion\5起Semestre\Sistemas digitales de logica reconfigurable I\Practicas\1\Code\Practica1\src\wave.asdb
#  11:39 a. m., viernes, 16 de agosto de 2024
#  Simulation has been initialized
run
# KERNEL: Simulation has finished. There are no more test vectors to simulate.
# VSIM: 9 object(s) traced.
# Waveform file 'untitled.awc' connected to 'C:/Users/diego/Desktop/Ing_en_automatizacion/5起Semestre/Sistemas digitales de logica reconfigurable I/Practicas/1/Code/Practica1/src/wave.asdb'.
run
# KERNEL: Simulation has finished. There are no more test vectors to simulate.
run
# KERNEL: Simulation has finished. There are no more test vectors to simulate.
run
# KERNEL: Simulation has finished. There are no more test vectors to simulate.
run
# KERNEL: Simulation has finished. There are no more test vectors to simulate.
# VSIM: 9 object(s) traced.
# Waveform file 'untitled.awc' connected to 'C:/Users/diego/Desktop/Ing_en_automatizacion/5起Semestre/Sistemas digitales de logica reconfigurable I/Practicas/1/Code/Practica1/src/wave.asdb'.
run
# KERNEL: Simulation has finished. There are no more test vectors to simulate.
run
# KERNEL: Simulation has finished. There are no more test vectors to simulate.
run
# KERNEL: Simulation has finished. There are no more test vectors to simulate.
run
# KERNEL: Simulation has finished. There are no more test vectors to simulate.
# ELBREAD: Elaboration process.
# ELBREAD: Elaboration time 0.0 [s].
# Error: Accelerated Waveform: Simulation database is not connected. Initialize simulation or load simulation database by opening waveform file (AWC, ASDB).
asim -O5 +access +r +m+p1 p1 pr1
# ELBREAD: Elaboration process.
# ELBREAD: Elaboration time 0.0 [s].
# VSIM: Stack memory: 32MB
# VSIM: Retval memory: 32MB
# 
# KERNEL: Main thread initiated.
# KERNEL: Kernel process initialization phase.
# ELAB2: Elaboration final pass...
# ELAB2: Create instances ...
# KERNEL: Time resolution set to 1ps.
# ELAB2: Create instances complete.
# SLP: Started
# SLP: Elaboration phase ...
# SLP: Elaboration phase ... skipped, nothing to simulate in SLP mode : 0.0 [s]
# SLP: Finished : 0.0 [s]
# ELAB2: Elaboration final pass complete - time: 0.0 [s].
# KERNEL: Warning: You are using the Active-HDL Student Edition. The performance of simulation is running at a reduced rate.
# KERNEL: Warning: Contact Aldec for available upgrade options - sales@aldec.com.
# KERNEL: Kernel process initialization done.
# Allocation: Simulator allocated 6421 kB (elbread=427 elab2=5855 kernel=139 sdf=0)
# KERNEL: ASDB file was created in location C:\Users\diego\Desktop\Ing_en_automatizacion\5起Semestre\Sistemas digitales de logica reconfigurable I\Practicas\1\Code\Practica1\src\wave.asdb
#  11:43 a. m., viernes, 16 de agosto de 2024
#  Simulation has been initialized
run
# KERNEL: Simulation has finished. There are no more test vectors to simulate.
# VSIM: 9 object(s) traced.
# Waveform file 'untitled.awc' connected to 'C:/Users/diego/Desktop/Ing_en_automatizacion/5起Semestre/Sistemas digitales de logica reconfigurable I/Practicas/1/Code/Practica1/src/wave.asdb'.
# ELBREAD: Elaboration process.
# ELBREAD: Elaboration time 0.0 [s].
# Warning: WAVEFORM: Object matching /P1_TB/A not found in C:/Users/diego/Desktop/Ing_en_automatizacion/5起Semestre/Sistemas digitales de logica reconfigurable I/Practicas/1/Code/Practica1/src/wave.asdb.
# Warning: WAVEFORM: Object matching /P1_TB/B not found in C:/Users/diego/Desktop/Ing_en_automatizacion/5起Semestre/Sistemas digitales de logica reconfigurable I/Practicas/1/Code/Practica1/src/wave.asdb.
# Warning: WAVEFORM: Object matching /P1_TB/C not found in C:/Users/diego/Desktop/Ing_en_automatizacion/5起Semestre/Sistemas digitales de logica reconfigurable I/Practicas/1/Code/Practica1/src/wave.asdb.
# Warning: WAVEFORM: Object matching /P1_TB/D not found in C:/Users/diego/Desktop/Ing_en_automatizacion/5起Semestre/Sistemas digitales de logica reconfigurable I/Practicas/1/Code/Practica1/src/wave.asdb.
# Warning: WAVEFORM: Object matching /P1_TB/S1 not found in C:/Users/diego/Desktop/Ing_en_automatizacion/5起Semestre/Sistemas digitales de logica reconfigurable I/Practicas/1/Code/Practica1/src/wave.asdb.
# Warning: WAVEFORM: Object matching /P1_TB/S2 not found in C:/Users/diego/Desktop/Ing_en_automatizacion/5起Semestre/Sistemas digitales de logica reconfigurable I/Practicas/1/Code/Practica1/src/wave.asdb.
# Warning: WAVEFORM: Object matching /P1_TB/S3 not found in C:/Users/diego/Desktop/Ing_en_automatizacion/5起Semestre/Sistemas digitales de logica reconfigurable I/Practicas/1/Code/Practica1/src/wave.asdb.
# Warning: WAVEFORM: Object matching /P1_TB/S4 not found in C:/Users/diego/Desktop/Ing_en_automatizacion/5起Semestre/Sistemas digitales de logica reconfigurable I/Practicas/1/Code/Practica1/src/wave.asdb.
# Warning: WAVEFORM: Object matching /P1_TB/S5 not found in C:/Users/diego/Desktop/Ing_en_automatizacion/5起Semestre/Sistemas digitales de logica reconfigurable I/Practicas/1/Code/Practica1/src/wave.asdb.
# Error: Accelerated Waveform: Simulation database is not connected. Initialize simulation or load simulation database by opening waveform file (AWC, ASDB).
# Error: Accelerated Waveform: Simulation database is not connected. Initialize simulation or load simulation database by opening waveform file (AWC, ASDB).
asim -O5 +access +r +m+p1_tb p1_tb tb
# ELBREAD: Elaboration process.
# ELBREAD: Elaboration time 0.0 [s].
# VSIM: Stack memory: 32MB
# VSIM: Retval memory: 32MB
# 
# KERNEL: Main thread initiated.
# KERNEL: Kernel process initialization phase.
# ELAB2: Elaboration final pass...
# ELAB2: Create instances ...
# KERNEL: Time resolution set to 1ps.
# ELAB2: Create instances complete.
# SLP: Started
# SLP: Elaboration phase ...
# SLP: Elaboration phase ... skipped, nothing to simulate in SLP mode : 0.0 [s]
# SLP: Finished : 0.0 [s]
# ELAB2: Elaboration final pass complete - time: 0.0 [s].
# KERNEL: Warning: You are using the Active-HDL Student Edition. The performance of simulation is running at a reduced rate.
# KERNEL: Warning: Contact Aldec for available upgrade options - sales@aldec.com.
# KERNEL: Kernel process initialization done.
# Allocation: Simulator allocated 6427 kB (elbread=427 elab2=5861 kernel=139 sdf=0)
# KERNEL: ASDB file was created in location C:\Users\diego\Desktop\Ing_en_automatizacion\5起Semestre\Sistemas digitales de logica reconfigurable I\Practicas\1\Code\Practica1\src\wave.asdb
#  11:44 a. m., viernes, 16 de agosto de 2024
#  Simulation has been initialized
run
# KERNEL: Simulation has finished. There are no more test vectors to simulate.
# VSIM: 9 object(s) traced.
# Waveform file 'untitled.awc' connected to 'C:/Users/diego/Desktop/Ing_en_automatizacion/5起Semestre/Sistemas digitales de logica reconfigurable I/Practicas/1/Code/Practica1/src/wave.asdb'.
acom -O3 -e 100 -work practica1 -2002  $dsn/src/Pr1.vhd $dsn/src/pr1_TB.vhd
# Compile Entity "P1"
# Compile Architecture "Pr1" of Entity "P1"
# Compile Entity "P1_TB"
# Compile Architecture "TB" of Entity "P1_TB"
# Compile success 0 Errors 0 Warnings  Analysis time :  31.0 [ms]
run
# KERNEL: Simulation has finished. There are no more test vectors to simulate.
# ELBREAD: Elaboration process.
# ELBREAD: Elaboration time 0.0 [s].
# ELBREAD: Elaboration process.
# ELBREAD: Elaboration time 0.0 [s].
asim -O5 +access +r +m+p1_tb p1_tb tb
# ELBREAD: Elaboration process.
# ELBREAD: Elaboration time 0.0 [s].
# VSIM: Stack memory: 32MB
# VSIM: Retval memory: 32MB
# 
# KERNEL: Main thread initiated.
# KERNEL: Kernel process initialization phase.
# ELAB2: Elaboration final pass...
# ELAB2: Create instances ...
# KERNEL: Time resolution set to 1ps.
# ELAB2: Create instances complete.
# SLP: Started
# SLP: Elaboration phase ...
# SLP: Elaboration phase ... skipped, nothing to simulate in SLP mode : 0.0 [s]
# SLP: Finished : 0.0 [s]
# ELAB2: Elaboration final pass complete - time: 0.0 [s].
# KERNEL: Warning: You are using the Active-HDL Student Edition. The performance of simulation is running at a reduced rate.
# KERNEL: Warning: Contact Aldec for available upgrade options - sales@aldec.com.
# KERNEL: Kernel process initialization done.
# Allocation: Simulator allocated 6427 kB (elbread=427 elab2=5861 kernel=139 sdf=0)
# KERNEL: ASDB file was created in location C:\Users\diego\Desktop\Ing_en_automatizacion\5起Semestre\Sistemas digitales de logica reconfigurable I\Practicas\1\Code\Practica1\src\wave.asdb
#  11:45 a. m., viernes, 16 de agosto de 2024
#  Simulation has been initialized
# Waveform file 'untitled.awc' connected to 'C:/Users/diego/Desktop/Ing_en_automatizacion/5起Semestre/Sistemas digitales de logica reconfigurable I/Practicas/1/Code/Practica1/src/wave.asdb'.
run
# KERNEL: Simulation has finished. There are no more test vectors to simulate.
