
ROM used:   4380/32768 (13%)
            4380/32768 (13%) including unused fragments

            1.5 Average locations per line
            8.2 Average locations per statement

RAM used:   127/2048 (6%) at main() level
            168/2048 (8%) worst case

Stack used: 1 worst case (0 in main + 1 for interrupts)
Stack size: 31

Lines Stmts  %   Files
----- ----- ---  -----
  104    45   8  Practica 9.c
  877     0   0  ..\..\..\..\..\..\Program Files (x86)\PICC\Devices\18f4550.h
 1354   359  67  ..\..\..\..\..\..\Program Files (x86)\PICC\Drivers\stdlib.h
   32     0   0  ..\..\..\..\..\..\Program Files (x86)\PICC\Drivers\stddef.h
  435   129  24  ..\..\..\..\..\..\Program Files (x86)\PICC\Drivers\string.h
   28     0   0  ..\..\..\..\..\..\Program Files (x86)\PICC\Drivers\ctype.h
----- -----
 2830   533 Total

Page ROM  %  RAM    Vol Diff  Functions:
---- --- --- ---    --- ----  ----------
0     76   1    2             @MUL88
0    896  10   24   2279 12.7  atoe
0    242   3   11             @MULFF
0     54   1    2             @ITOF
0    618   7   16             @ADDFF
0    346   4   14             @DIVFF
0    394   4    9   1815 10.5  atoi
0    218   2    5    820  7.2  ReceptGPS
0    570   7   12   1045  5.7  MAIN
0     60   1    0    250  3.0  @const1030
0     34   0    2    250  3.0  @PSTRINGC_9600_31766_31767
0     46   1    0    250  3.0  @const1035
0     32   0    3    250  3.0  @PSTRINGCN_9600_31766_31767
0     64   1    5    250  3.0  @FTOSD
0    142   2   13             @DIV3232
0    386   4   13             @PRINTF_L32D_9600_31766_31767FPFPF
0     32   0    0             @const1046
 Inline         0    502  9.8  @cinit1

Program metrics:
    Functions               10
    Statements              533
    Comments                955
    Volume (V)              11296
    Difficulty (D)          60.9
    Effort to implement (E) 688310
    Time to implement (T)   10 hours, 37 minutes
    Est Delivered Bugs (B)  3
    Cyclomatic Complexity   40
    Maintainability (MI)    96

 Segment     Used  Free
-----------  ----  ----
00000-00002     4  0  
00004-00006     0  4  
00008-000AC   166  0  
000AE-07FFE  4210  28384  



