
ROM used:   100/32768 (0%)
            100/32768 (0%) including unused fragments

            0.1 Average locations per line
            12.5 Average locations per statement

RAM used:   5/2048 (0%) at main() level
            6/2048 (0%) worst case

Stack used: 0 worst case (0 in main + 0 for interrupts)
Stack size: 31

Lines Stmts  %   Files
----- ----- ---  -----
   21     8 100  Codigo Practica 0.c
  877     0   0  ..\..\..\..\..\..\Program Files (x86)\PICC\Devices\18f4550.h
----- -----
  898     8 Total

Page ROM  %  RAM    Vol Diff  Functions:
---- --- --- ---    --- ----  ----------
0     46  23    1             @delay_ms1
0     50  25    1    114  2.5  main
 Inline         0             @cinit1

Program metrics:
    Functions               1
    Statements              8
    Comments                159
    Volume (V)              119
    Difficulty (D)          2.1
    Effort to implement (E) 247
    Time to implement (T)   0 minutes
    Est Delivered Bugs (B)  0
    Cyclomatic Complexity   2
    Maintainability (MI)    144

 Segment     Used  Free
-----------  ----  ----
00000-00002     4  0  
00004-07FFE    96  32668  



