
ROM used:   8764/32768 (27%)
            8764/32768 (27%) including unused fragments

            2.6 Average locations per line
            23.2 Average locations per statement

RAM used:   41/2048 (2%) at main() level
            99/2048 (5%) worst case

Stack used: 4 worst case (4 in main + 0 for interrupts)
Stack size: 31

Lines Stmts  %   Files
----- ----- ---  -----
  246   119  32  Practica 7.c
  877     0   0  ..\..\..\..\..\..\Program Files (x86)\PICC\Devices\18f4550.h
 2228   258  68  ..\..\..\..\..\..\Program Files (x86)\PICC\Drivers\math.h
----- -----
 3351   377 Total

Page ROM  %  RAM    Vol Diff  Functions:
---- --- --- ---    --- ----  ----------
0     40   0    1             @delay_ms1
0    792   5   20   1121 10.1  CEIL_FLOOR
0    118   1   10             @FLT
0     72   0    4             @SFTOI
0     54   0    2             @ITOF
0    242   1   11             @MULFF
0    618   4   16             @ADDFF
0     24   0    4     43  2.1  floor
0     26   0    4     44  1.9  ceil
0    346   2   16    259  6.9  fmod
0    346   2   14             @DIVFF
0    974   6   22   1071  8.0  exp
0     72   0    2             @SITOF
0    848   5   25    979 10.0  log
0    716   4   12    581  7.5  pow
0   1216   7   12   1503  8.8  MAIN
0    168   1    3    138  3.9  Acoplamiento
0    462   3   10   1364  6.4  Display
0   1530   9   27   2000  7.8  Descomponer
0     66   0    5             @DIV1616
0     30   0    5             @MUL1616
 Inline         0             @cinit1

Program metrics:
    Functions               11
    Statements              377
    Comments                481
    Volume (V)              13461
    Difficulty (D)          73.8
    Effort to implement (E) 992982
    Time to implement (T)   15 hours, 19 minutes
    Est Delivered Bugs (B)  3
    Cyclomatic Complexity   34
    Maintainability (MI)    40

 Segment     Used  Free
-----------  ----  ----
00000-00002     4  0  
00004-07FFE  8760  24004  



