
ROM used:   2752/32768 (8%)
            2752/32768 (8%) including unused fragments

            2.7 Average locations per line
            41.7 Average locations per statement

RAM used:   21/2048 (1%) at main() level
            65/2048 (3%) worst case

Stack used: 1 worst case (1 in main + 0 for interrupts)
Stack size: 31

Lines Stmts  %   Files
----- ----- ---  -----
  133    66 100  Practica 5.c
  877     0   0  ..\..\..\..\..\..\..\Program Files (x86)\PICC\Devices\18f4550.h
----- -----
 1010    66 Total

Page ROM  %  RAM    Vol Diff  Functions:
---- --- --- ---    --- ----  ----------
0     36   1    1             @delay_us1
0    230   4    5    321  5.0  main
0     68   1    2             @ITOF
0    242   4   11   1286  7.7  @MULFF
0    570  10   12   1286  7.7  display
0    618  11   16             @ADDFF
0     56   1    4             @SFTOI
0    118   2   10             @FLT
0    744  14   24   1021  7.7  descomponer
0     66   1    5             @DIV1616
 Inline         0             @cinit1

Program metrics:
    Functions               4
    Statements              66
    Comments                188
    Volume (V)              5079
    Difficulty (D)          27.5
    Effort to implement (E) 139677
    Time to implement (T)   2 hours, 9 minutes
    Est Delivered Bugs (B)  1
    Cyclomatic Complexity   8
    Maintainability (MI)    41

 Segment     Used  Free
-----------  ----  ----
00000-00002     4  0  
00004-07FFE  2748  30016  



