
ROM used:   222/32768 (1%)
            222/32768 (1%) including unused fragments

            0.2 Average locations per line
            24.7 Average locations per statement

RAM used:   25/2048 (1%) at main() level
            25/2048 (1%) worst case

Stack used: 1 worst case (0 in main + 1 for interrupts)
Stack size: 31

Lines Stmts  %   Files
----- ----- ---  -----
   41     9 100  4ta Clase.c
  877     0   0  ..\..\..\..\..\..\Program Files (x86)\PICC\Devices\18f4550.h
----- -----
  918     9 Total

Page ROM  %  RAM    Vol Diff  Functions:
---- --- --- ---    --- ----  ----------
0     14   3    0     39  1.8  TIMER0_isr
0     38   9    0    108  2.1  MAIN
 Inline         0             @cinit1

Program metrics:
    Functions               2
    Statements              9
    Comments                164
    Volume (V)              183
    Difficulty (D)          3.8
    Effort to implement (E) 698
    Time to implement (T)   1 minutes
    Est Delivered Bugs (B)  0
    Cyclomatic Complexity   1
    Maintainability (MI)    173

 Segment     Used  Free
-----------  ----  ----
00000-00002     4  0  
00004-00006     0  4  
00008-000AC   166  0  
000AE-07FFE    52  32542  



