
ROM used:   700/32768 (2%)
            700/32768 (2%) including unused fragments

            0.7 Average locations per line
            28.0 Average locations per statement

RAM used:   66/2048 (3%) at main() level
            77/2048 (4%) worst case

Stack used: 1 worst case (1 in main + 0 for interrupts)
Stack size: 31

Lines Stmts  %   Files
----- ----- ---  -----
  147    25 100  1_Practica.c
  877     0   0  ..\..\..\..\..\..\..\Program Files (x86)\PICC\Devices\18f4550.h
----- -----
 1024    25 Total

Page ROM  %  RAM    Vol Diff  Functions:
---- --- --- ---    --- ----  ----------
0     42   3    1             @delay_ms1
0    326  23    6    526  8.1  main
0    116   8    6             @DIVS1616
0    144  10    8    465  6.0  walk_animation
0     68   5    5             @DIV1616
 Inline         0             @cinit1

Program metrics:
    Functions               2
    Statements              25
    Comments                170
    Volume (V)              1171
    Difficulty (D)          13.5
    Effort to implement (E) 15789
    Time to implement (T)   15 minutes
    Est Delivered Bugs (B)  0
    Cyclomatic Complexity   5
    Maintainability (MI)    146

 Segment     Used  Free
-----------  ----  ----
00000-00002     4  0  
00004-07FFE   696  32068  



