
ROM used:   1078/32768 (3%)
            1078/32768 (3%) including unused fragments

            1.2 Average locations per line
            63.4 Average locations per statement

RAM used:   9/2048 (0%) at main() level
            20/2048 (1%) worst case

Stack used: 1 worst case (1 in main + 0 for interrupts)
Stack size: 31

Lines Stmts  %   Files
----- ----- ---  -----
   36    17 100  Practica 6.c
  877     0   0  ..\..\..\..\..\..\..\Program Files (x86)\PICC\Devices\18f4550.h
----- -----
  913    17 Total

Page ROM  %  RAM    Vol Diff  Functions:
---- --- --- ---    --- ----  ----------
0    362  17    5    468  3.7  main
0     68   3    2             @ITOF
0    346  16   14             @DIVFF
0    242  11   11             @MULFF
0     56   3    4             @SFTOI
 Inline         0             @cinit1

Program metrics:
    Functions               1
    Statements              17
    Comments                164
    Volume (V)              480
    Difficulty (D)          3.3
    Effort to implement (E) 1593
    Time to implement (T)   1 minutes
    Est Delivered Bugs (B)  0
    Cyclomatic Complexity   1
    Maintainability (MI)    135

 Segment     Used  Free
-----------  ----  ----
00000-00002     4  0  
00004-07FFE  1074  31690  



