
ROM used:   498/32768 (2%)
            498/32768 (2%) including unused fragments

            0.5 Average locations per line
            16.1 Average locations per statement

RAM used:   29/2048 (1%) at main() level
            32/2048 (2%) worst case

Stack used: 2 worst case (0 in main + 2 for interrupts)
Stack size: 31

Lines Stmts  %   Files
----- ----- ---  -----
   82    31 100  3ra Clase.c
  877     0   0  ..\..\..\..\..\..\..\Program Files (x86)\PICC\Devices\18f4550.h
----- -----
  959    31 Total

Page ROM  %  RAM    Vol Diff  Functions:
---- --- --- ---    --- ----  ----------
0     38   4    1             @delay_ms1
0     38   4    0     96  2.9  blink
0     38   4    0    102  2.9  blink2
0     88   9    1    221  1.8  blink3
0    102  10    1    262  3.7  MAIN
 Inline         0             @cinit1

Program metrics:
    Functions               4
    Statements              31
    Comments                161
    Volume (V)              963
    Difficulty (D)          11.2
    Effort to implement (E) 10831
    Time to implement (T)   10 minutes
    Est Delivered Bugs (B)  0
    Cyclomatic Complexity   3
    Maintainability (MI)    89

 Segment     Used  Free
-----------  ----  ----
00000-00002     4  0  
00004-00006     0  4  
00008-000C4   190  0  
000C6-07FFE   304  32266  



